2025/05/02 07:53:34 [error] [exception.CHttpException.404] CHttpException: Unable to resolve the request "create". in C:\xampp\htdocs\pdc.com\framework\web\CWebApplication.php:286
Stack trace:
#0 C:\xampp\htdocs\pdc.com\framework\web\CWebApplication.php(141): CWebApplication->runController('create')
#1 C:\xampp\htdocs\pdc.com\framework\base\CApplication.php(185): CWebApplication->processRequest()
#2 C:\xampp\htdocs\pdc.com\index.php(13): CApplication->run()
#3 {main}
REQUEST_URI=/create
---
2025/05/02 07:59:53 [error] [exception.CHttpException.404] CHttpException: Unable to resolve the request "post/update". in C:\xampp\htdocs\pdc.com\framework\web\CWebApplication.php:286
Stack trace:
#0 C:\xampp\htdocs\pdc.com\framework\web\CWebApplication.php(141): CWebApplication->runController('post/update')
#1 C:\xampp\htdocs\pdc.com\framework\base\CApplication.php(185): CWebApplication->processRequest()
#2 C:\xampp\htdocs\pdc.com\index.php(13): CApplication->run()
#3 {main}
REQUEST_URI=/index.php/post/update/3
---
2025/05/02 07:59:56 [error] [exception.CHttpException.404] CHttpException: Unable to resolve the request "index". in C:\xampp\htdocs\pdc.com\framework\web\CWebApplication.php:286
Stack trace:
#0 C:\xampp\htdocs\pdc.com\framework\web\CWebApplication.php(141): CWebApplication->runController('index')
#1 C:\xampp\htdocs\pdc.com\framework\base\CApplication.php(185): CWebApplication->processRequest()
#2 C:\xampp\htdocs\pdc.com\index.php(13): CApplication->run()
#3 {main}
REQUEST_URI=/index
---
2025/05/02 08:01:58 [error] [exception.CHttpException.404] CHttpException: Unable to resolve the request "index". in C:\xampp\htdocs\pdc.com\framework\web\CWebApplication.php:286
Stack trace:
#0 C:\xampp\htdocs\pdc.com\framework\web\CWebApplication.php(141): CWebApplication->runController('index')
#1 C:\xampp\htdocs\pdc.com\framework\base\CApplication.php(185): CWebApplication->processRequest()
#2 C:\xampp\htdocs\pdc.com\index.php(13): CApplication->run()
#3 {main}
REQUEST_URI=/index
---
2025/05/02 08:02:00 [error] [exception.CHttpException.404] CHttpException: Unable to resolve the request "index". in C:\xampp\htdocs\pdc.com\framework\web\CWebApplication.php:286
Stack trace:
#0 C:\xampp\htdocs\pdc.com\framework\web\CWebApplication.php(141): CWebApplication->runController('index')
#1 C:\xampp\htdocs\pdc.com\framework\base\CApplication.php(185): CWebApplication->processRequest()
#2 C:\xampp\htdocs\pdc.com\index.php(13): CApplication->run()
#3 {main}
REQUEST_URI=/index
---
2025/05/02 08:02:09 [error] [exception.CHttpException.404] CHttpException: Unable to resolve the request "index". in C:\xampp\htdocs\pdc.com\framework\web\CWebApplication.php:286
Stack trace:
#0 C:\xampp\htdocs\pdc.com\framework\web\CWebApplication.php(141): CWebApplication->runController('index')
#1 C:\xampp\htdocs\pdc.com\framework\base\CApplication.php(185): CWebApplication->processRequest()
#2 C:\xampp\htdocs\pdc.com\index.php(13): CApplication->run()
#3 {main}
REQUEST_URI=/index
---
2025/05/03 03:33:39 [error] [exception.CException] CException: Property "Account.status_id" is not defined. in C:\xampp\htdocs\pdc.com\framework\base\CComponent.php:172
Stack trace:
#0 C:\xampp\htdocs\pdc.com\framework\db\ar\CActiveRecord.php(162): CComponent->__set('status_id', 1)
#1 C:\xampp\htdocs\pdc.com\protected\models\Account.php(89): CActiveRecord->__set('status_id', 1)
#2 C:\xampp\htdocs\pdc.com\framework\db\ar\CActiveRecord.php(1077): Account->beforeSave()
#3 C:\xampp\htdocs\pdc.com\framework\db\ar\CActiveRecord.php(811): CActiveRecord->insert(NULL)
#4 C:\xampp\htdocs\pdc.com\protected\controllers\AccountController.php(73): CActiveRecord->save()
#5 C:\xampp\htdocs\pdc.com\framework\web\actions\CInlineAction.php(49): AccountController->actionCreate()
#6 C:\xampp\htdocs\pdc.com\framework\web\CController.php(308): CInlineAction->runWithParams(Array)
#7 C:\xampp\htdocs\pdc.com\framework\web\filters\CFilterChain.php(134): CController->runAction(Object(CInlineAction))
#8 C:\xampp\htdocs\pdc.com\framework\web\filters\CFilter.php(40): CFilterChain->run()
#9 C:\xampp\htdocs\pdc.com\framework\web\CController.php(1148): CFilter->filter(Object(CFilterChain))
#10 C:\xampp\htdocs\pdc.com\framework\web\filters\CInlineFilter.php(58): CController->filterAccessControl(Object(CFilterChain))
#11 C:\xampp\htdocs\pdc.com\framework\web\filters\CFilterChain.php(131): CInlineFilter->filter(Object(CFilterChain))
#12 C:\xampp\htdocs\pdc.com\framework\web\CController.php(291): CFilterChain->run()
#13 C:\xampp\htdocs\pdc.com\framework\web\CController.php(265): CController->runActionWithFilters(Object(CInlineAction), Array)
#14 C:\xampp\htdocs\pdc.com\framework\web\CWebApplication.php(282): CController->run('create')
#15 C:\xampp\htdocs\pdc.com\framework\web\CWebApplication.php(141): CWebApplication->runController('account/create')
#16 C:\xampp\htdocs\pdc.com\framework\base\CApplication.php(185): CWebApplication->processRequest()
#17 C:\xampp\htdocs\pdc.com\index.php(13): CApplication->run()
#18 {main}
REQUEST_URI=/index.php/account/create
HTTP_REFERER=http://localhost:8080/index.php/account/create
---
2025/05/03 03:34:24 [error] [exception.CException] CException: Property "Account.status_id" is not defined. in C:\xampp\htdocs\pdc.com\framework\base\CComponent.php:172
Stack trace:
#0 C:\xampp\htdocs\pdc.com\framework\db\ar\CActiveRecord.php(162): CComponent->__set('status_id', 1)
#1 C:\xampp\htdocs\pdc.com\protected\models\Account.php(89): CActiveRecord->__set('status_id', 1)
#2 C:\xampp\htdocs\pdc.com\framework\db\ar\CActiveRecord.php(1077): Account->beforeSave()
#3 C:\xampp\htdocs\pdc.com\framework\db\ar\CActiveRecord.php(811): CActiveRecord->insert(NULL)
#4 C:\xampp\htdocs\pdc.com\protected\controllers\AccountController.php(73): CActiveRecord->save()
#5 C:\xampp\htdocs\pdc.com\framework\web\actions\CInlineAction.php(49): AccountController->actionCreate()
#6 C:\xampp\htdocs\pdc.com\framework\web\CController.php(308): CInlineAction->runWithParams(Array)
#7 C:\xampp\htdocs\pdc.com\framework\web\filters\CFilterChain.php(134): CController->runAction(Object(CInlineAction))
#8 C:\xampp\htdocs\pdc.com\framework\web\filters\CFilter.php(40): CFilterChain->run()
#9 C:\xampp\htdocs\pdc.com\framework\web\CController.php(1148): CFilter->filter(Object(CFilterChain))
#10 C:\xampp\htdocs\pdc.com\framework\web\filters\CInlineFilter.php(58): CController->filterAccessControl(Object(CFilterChain))
#11 C:\xampp\htdocs\pdc.com\framework\web\filters\CFilterChain.php(131): CInlineFilter->filter(Object(CFilterChain))
#12 C:\xampp\htdocs\pdc.com\framework\web\CController.php(291): CFilterChain->run()
#13 C:\xampp\htdocs\pdc.com\framework\web\CController.php(265): CController->runActionWithFilters(Object(CInlineAction), Array)
#14 C:\xampp\htdocs\pdc.com\framework\web\CWebApplication.php(282): CController->run('create')
#15 C:\xampp\htdocs\pdc.com\framework\web\CWebApplication.php(141): CWebApplication->runController('account/create')
#16 C:\xampp\htdocs\pdc.com\framework\base\CApplication.php(185): CWebApplication->processRequest()
#17 C:\xampp\htdocs\pdc.com\index.php(13): CApplication->run()
#18 {main}
REQUEST_URI=/index.php/account/create
HTTP_REFERER=http://localhost:8080/index.php/account/create
---
2025/05/03 03:37:37 [error] [exception.CException] CException: Property "Account.status_id" is not defined. in C:\xampp\htdocs\pdc.com\framework\base\CComponent.php:172
Stack trace:
#0 C:\xampp\htdocs\pdc.com\framework\db\ar\CActiveRecord.php(162): CComponent->__set('status_id', 1)
#1 C:\xampp\htdocs\pdc.com\protected\models\Account.php(89): CActiveRecord->__set('status_id', 1)
#2 C:\xampp\htdocs\pdc.com\framework\db\ar\CActiveRecord.php(1077): Account->beforeSave()
#3 C:\xampp\htdocs\pdc.com\framework\db\ar\CActiveRecord.php(811): CActiveRecord->insert(NULL)
#4 C:\xampp\htdocs\pdc.com\protected\controllers\AccountController.php(73): CActiveRecord->save()
#5 C:\xampp\htdocs\pdc.com\framework\web\actions\CInlineAction.php(49): AccountController->actionCreate()
#6 C:\xampp\htdocs\pdc.com\framework\web\CController.php(308): CInlineAction->runWithParams(Array)
#7 C:\xampp\htdocs\pdc.com\framework\web\filters\CFilterChain.php(134): CController->runAction(Object(CInlineAction))
#8 C:\xampp\htdocs\pdc.com\framework\web\filters\CFilter.php(40): CFilterChain->run()
#9 C:\xampp\htdocs\pdc.com\framework\web\CController.php(1148): CFilter->filter(Object(CFilterChain))
#10 C:\xampp\htdocs\pdc.com\framework\web\filters\CInlineFilter.php(58): CController->filterAccessControl(Object(CFilterChain))
#11 C:\xampp\htdocs\pdc.com\framework\web\filters\CFilterChain.php(131): CInlineFilter->filter(Object(CFilterChain))
#12 C:\xampp\htdocs\pdc.com\framework\web\CController.php(291): CFilterChain->run()
#13 C:\xampp\htdocs\pdc.com\framework\web\CController.php(265): CController->runActionWithFilters(Object(CInlineAction), Array)
#14 C:\xampp\htdocs\pdc.com\framework\web\CWebApplication.php(282): CController->run('create')
#15 C:\xampp\htdocs\pdc.com\framework\web\CWebApplication.php(141): CWebApplication->runController('account/create')
#16 C:\xampp\htdocs\pdc.com\framework\base\CApplication.php(185): CWebApplication->processRequest()
#17 C:\xampp\htdocs\pdc.com\index.php(13): CApplication->run()
#18 {main}
REQUEST_URI=/index.php/account/create
HTTP_REFERER=http://localhost:8080/index.php/account/create
---
2025/05/03 04:10:10 [error] [exception.CHttpException.403] CHttpException: You are not authorized to perform this action. in C:\xampp\htdocs\pdc.com\framework\web\auth\CAccessControlFilter.php:183
Stack trace:
#0 C:\xampp\htdocs\pdc.com\framework\web\auth\CAccessControlFilter.php(145): CAccessControlFilter->accessDenied(Object(CWebUser), 'You are not aut...')
#1 C:\xampp\htdocs\pdc.com\framework\web\filters\CFilter.php(38): CAccessControlFilter->preFilter(Object(CFilterChain))
#2 C:\xampp\htdocs\pdc.com\framework\web\CController.php(1148): CFilter->filter(Object(CFilterChain))
#3 C:\xampp\htdocs\pdc.com\framework\web\filters\CInlineFilter.php(58): CController->filterAccessControl(Object(CFilterChain))
#4 C:\xampp\htdocs\pdc.com\framework\web\filters\CFilterChain.php(131): CInlineFilter->filter(Object(CFilterChain))
#5 C:\xampp\htdocs\pdc.com\framework\web\CController.php(291): CFilterChain->run()
#6 C:\xampp\htdocs\pdc.com\framework\web\CController.php(265): CController->runActionWithFilters(Object(CInlineAction), Array)
#7 C:\xampp\htdocs\pdc.com\framework\web\CWebApplication.php(282): CController->run('getProvinces')
#8 C:\xampp\htdocs\pdc.com\framework\web\CWebApplication.php(141): CWebApplication->runController('account/getProv...')
#9 C:\xampp\htdocs\pdc.com\framework\base\CApplication.php(185): CWebApplication->processRequest()
#10 C:\xampp\htdocs\pdc.com\index.php(13): CApplication->run()
#11 {main}
REQUEST_URI=/index.php/account/getProvinces
HTTP_REFERER=http://localhost:8080/index.php/account/create
---
2025/05/03 04:11:17 [error] [exception.CHttpException.403] CHttpException: You are not authorized to perform this action. in C:\xampp\htdocs\pdc.com\framework\web\auth\CAccessControlFilter.php:183
Stack trace:
#0 C:\xampp\htdocs\pdc.com\framework\web\auth\CAccessControlFilter.php(145): CAccessControlFilter->accessDenied(Object(CWebUser), 'You are not aut...')
#1 C:\xampp\htdocs\pdc.com\framework\web\filters\CFilter.php(38): CAccessControlFilter->preFilter(Object(CFilterChain))
#2 C:\xampp\htdocs\pdc.com\framework\web\CController.php(1148): CFilter->filter(Object(CFilterChain))
#3 C:\xampp\htdocs\pdc.com\framework\web\filters\CInlineFilter.php(58): CController->filterAccessControl(Object(CFilterChain))
#4 C:\xampp\htdocs\pdc.com\framework\web\filters\CFilterChain.php(131): CInlineFilter->filter(Object(CFilterChain))
#5 C:\xampp\htdocs\pdc.com\framework\web\CController.php(291): CFilterChain->run()
#6 C:\xampp\htdocs\pdc.com\framework\web\CController.php(265): CController->runActionWithFilters(Object(CInlineAction), Array)
#7 C:\xampp\htdocs\pdc.com\framework\web\CWebApplication.php(282): CController->run('getProvinces')
#8 C:\xampp\htdocs\pdc.com\framework\web\CWebApplication.php(141): CWebApplication->runController('account/getProv...')
#9 C:\xampp\htdocs\pdc.com\framework\base\CApplication.php(185): CWebApplication->processRequest()
#10 C:\xampp\htdocs\pdc.com\index.php(13): CApplication->run()
#11 {main}
REQUEST_URI=/index.php/account/getProvinces
HTTP_REFERER=http://localhost:8080/index.php/account/create
---
2025/05/03 04:13:19 [error] [exception.CHttpException.403] CHttpException: You are not authorized to perform this action. in C:\xampp\htdocs\pdc.com\framework\web\auth\CAccessControlFilter.php:183
Stack trace:
#0 C:\xampp\htdocs\pdc.com\framework\web\auth\CAccessControlFilter.php(145): CAccessControlFilter->accessDenied(Object(CWebUser), 'You are not aut...')
#1 C:\xampp\htdocs\pdc.com\framework\web\filters\CFilter.php(38): CAccessControlFilter->preFilter(Object(CFilterChain))
#2 C:\xampp\htdocs\pdc.com\framework\web\CController.php(1148): CFilter->filter(Object(CFilterChain))
#3 C:\xampp\htdocs\pdc.com\framework\web\filters\CInlineFilter.php(58): CController->filterAccessControl(Object(CFilterChain))
#4 C:\xampp\htdocs\pdc.com\framework\web\filters\CFilterChain.php(131): CInlineFilter->filter(Object(CFilterChain))
#5 C:\xampp\htdocs\pdc.com\framework\web\CController.php(291): CFilterChain->run()
#6 C:\xampp\htdocs\pdc.com\framework\web\CController.php(265): CController->runActionWithFilters(Object(CInlineAction), Array)
#7 C:\xampp\htdocs\pdc.com\framework\web\CWebApplication.php(282): CController->run('getProvinces')
#8 C:\xampp\htdocs\pdc.com\framework\web\CWebApplication.php(141): CWebApplication->runController('account/getProv...')
#9 C:\xampp\htdocs\pdc.com\framework\base\CApplication.php(185): CWebApplication->processRequest()
#10 C:\xampp\htdocs\pdc.com\index.php(13): CApplication->run()
#11 {main}
REQUEST_URI=/index.php/account/getProvinces
HTTP_REFERER=http://localhost:8080/index.php/account/create
---
2025/05/03 04:18:41 [error] [exception.CHttpException.403] CHttpException: You are not authorized to perform this action. in C:\xampp\htdocs\pdc.com\framework\web\auth\CAccessControlFilter.php:183
Stack trace:
#0 C:\xampp\htdocs\pdc.com\framework\web\auth\CAccessControlFilter.php(145): CAccessControlFilter->accessDenied(Object(CWebUser), 'You are not aut...')
#1 C:\xampp\htdocs\pdc.com\framework\web\filters\CFilter.php(38): CAccessControlFilter->preFilter(Object(CFilterChain))
#2 C:\xampp\htdocs\pdc.com\framework\web\CController.php(1148): CFilter->filter(Object(CFilterChain))
#3 C:\xampp\htdocs\pdc.com\framework\web\filters\CInlineFilter.php(58): CController->filterAccessControl(Object(CFilterChain))
#4 C:\xampp\htdocs\pdc.com\framework\web\filters\CFilterChain.php(131): CInlineFilter->filter(Object(CFilterChain))
#5 C:\xampp\htdocs\pdc.com\framework\web\CController.php(291): CFilterChain->run()
#6 C:\xampp\htdocs\pdc.com\framework\web\CController.php(265): CController->runActionWithFilters(Object(CInlineAction), Array)
#7 C:\xampp\htdocs\pdc.com\framework\web\CWebApplication.php(282): CController->run('getProvinces')
#8 C:\xampp\htdocs\pdc.com\framework\web\CWebApplication.php(141): CWebApplication->runController('account/getProv...')
#9 C:\xampp\htdocs\pdc.com\framework\base\CApplication.php(185): CWebApplication->processRequest()
#10 C:\xampp\htdocs\pdc.com\index.php(13): CApplication->run()
#11 {main}
REQUEST_URI=/index.php/account/getProvinces
HTTP_REFERER=http://localhost:8080/index.php/account/create
---
2025/05/03 04:20:31 [error] [exception.CHttpException.403] CHttpException: You are not authorized to perform this action. in C:\xampp\htdocs\pdc.com\framework\web\auth\CAccessControlFilter.php:183
Stack trace:
#0 C:\xampp\htdocs\pdc.com\framework\web\auth\CAccessControlFilter.php(145): CAccessControlFilter->accessDenied(Object(CWebUser), 'You are not aut...')
#1 C:\xampp\htdocs\pdc.com\framework\web\filters\CFilter.php(38): CAccessControlFilter->preFilter(Object(CFilterChain))
#2 C:\xampp\htdocs\pdc.com\framework\web\CController.php(1148): CFilter->filter(Object(CFilterChain))
#3 C:\xampp\htdocs\pdc.com\framework\web\filters\CInlineFilter.php(58): CController->filterAccessControl(Object(CFilterChain))
#4 C:\xampp\htdocs\pdc.com\framework\web\filters\CFilterChain.php(131): CInlineFilter->filter(Object(CFilterChain))
#5 C:\xampp\htdocs\pdc.com\framework\web\CController.php(291): CFilterChain->run()
#6 C:\xampp\htdocs\pdc.com\framework\web\CController.php(265): CController->runActionWithFilters(Object(CInlineAction), Array)
#7 C:\xampp\htdocs\pdc.com\framework\web\CWebApplication.php(282): CController->run('getProvinces')
#8 C:\xampp\htdocs\pdc.com\framework\web\CWebApplication.php(141): CWebApplication->runController('account/getProv...')
#9 C:\xampp\htdocs\pdc.com\framework\base\CApplication.php(185): CWebApplication->processRequest()
#10 C:\xampp\htdocs\pdc.com\index.php(13): CApplication->run()
#11 {main}
REQUEST_URI=/index.php/account/getProvinces
HTTP_REFERER=http://localhost:8080/index.php/account/create
---
2025/05/03 04:20:54 [error] [exception.CHttpException.403] CHttpException: You are not authorized to perform this action. in C:\xampp\htdocs\pdc.com\framework\web\auth\CAccessControlFilter.php:183
Stack trace:
#0 C:\xampp\htdocs\pdc.com\framework\web\auth\CAccessControlFilter.php(145): CAccessControlFilter->accessDenied(Object(CWebUser), 'You are not aut...')
#1 C:\xampp\htdocs\pdc.com\framework\web\filters\CFilter.php(38): CAccessControlFilter->preFilter(Object(CFilterChain))
#2 C:\xampp\htdocs\pdc.com\framework\web\CController.php(1148): CFilter->filter(Object(CFilterChain))
#3 C:\xampp\htdocs\pdc.com\framework\web\filters\CInlineFilter.php(58): CController->filterAccessControl(Object(CFilterChain))
#4 C:\xampp\htdocs\pdc.com\framework\web\filters\CFilterChain.php(131): CInlineFilter->filter(Object(CFilterChain))
#5 C:\xampp\htdocs\pdc.com\framework\web\CController.php(291): CFilterChain->run()
#6 C:\xampp\htdocs\pdc.com\framework\web\CController.php(265): CController->runActionWithFilters(Object(CInlineAction), Array)
#7 C:\xampp\htdocs\pdc.com\framework\web\CWebApplication.php(282): CController->run('getProvinces')
#8 C:\xampp\htdocs\pdc.com\framework\web\CWebApplication.php(141): CWebApplication->runController('account/getProv...')
#9 C:\xampp\htdocs\pdc.com\framework\base\CApplication.php(185): CWebApplication->processRequest()
#10 C:\xampp\htdocs\pdc.com\index.php(13): CApplication->run()
#11 {main}
REQUEST_URI=/index.php/account/getProvinces
HTTP_REFERER=http://localhost:8080/index.php/account/create
---
2025/05/03 04:23:41 [error] [exception.CHttpException.403] CHttpException: You are not authorized to perform this action. in C:\xampp\htdocs\pdc.com\framework\web\auth\CAccessControlFilter.php:183
Stack trace:
#0 C:\xampp\htdocs\pdc.com\framework\web\auth\CAccessControlFilter.php(145): CAccessControlFilter->accessDenied(Object(CWebUser), 'You are not aut...')
#1 C:\xampp\htdocs\pdc.com\framework\web\filters\CFilter.php(38): CAccessControlFilter->preFilter(Object(CFilterChain))
#2 C:\xampp\htdocs\pdc.com\framework\web\CController.php(1148): CFilter->filter(Object(CFilterChain))
#3 C:\xampp\htdocs\pdc.com\framework\web\filters\CInlineFilter.php(58): CController->filterAccessControl(Object(CFilterChain))
#4 C:\xampp\htdocs\pdc.com\framework\web\filters\CFilterChain.php(131): CInlineFilter->filter(Object(CFilterChain))
#5 C:\xampp\htdocs\pdc.com\framework\web\CController.php(291): CFilterChain->run()
#6 C:\xampp\htdocs\pdc.com\framework\web\CController.php(265): CController->runActionWithFilters(Object(CInlineAction), Array)
#7 C:\xampp\htdocs\pdc.com\framework\web\CWebApplication.php(282): CController->run('getProvinces')
#8 C:\xampp\htdocs\pdc.com\framework\web\CWebApplication.php(141): CWebApplication->runController('account/getProv...')
#9 C:\xampp\htdocs\pdc.com\framework\base\CApplication.php(185): CWebApplication->processRequest()
#10 C:\xampp\htdocs\pdc.com\index.php(13): CApplication->run()
#11 {main}
REQUEST_URI=/index.php/account/getProvinces
HTTP_REFERER=http://localhost:8080/index.php/account/create
---
2025/05/03 04:25:39 [error] [exception.CHttpException.403] CHttpException: You are not authorized to perform this action. in C:\xampp\htdocs\pdc.com\framework\web\auth\CAccessControlFilter.php:183
Stack trace:
#0 C:\xampp\htdocs\pdc.com\framework\web\auth\CAccessControlFilter.php(145): CAccessControlFilter->accessDenied(Object(CWebUser), 'You are not aut...')
#1 C:\xampp\htdocs\pdc.com\framework\web\filters\CFilter.php(38): CAccessControlFilter->preFilter(Object(CFilterChain))
#2 C:\xampp\htdocs\pdc.com\framework\web\CController.php(1148): CFilter->filter(Object(CFilterChain))
#3 C:\xampp\htdocs\pdc.com\framework\web\filters\CInlineFilter.php(58): CController->filterAccessControl(Object(CFilterChain))
#4 C:\xampp\htdocs\pdc.com\framework\web\filters\CFilterChain.php(131): CInlineFilter->filter(Object(CFilterChain))
#5 C:\xampp\htdocs\pdc.com\framework\web\CController.php(291): CFilterChain->run()
#6 C:\xampp\htdocs\pdc.com\framework\web\CController.php(265): CController->runActionWithFilters(Object(CInlineAction), Array)
#7 C:\xampp\htdocs\pdc.com\framework\web\CWebApplication.php(282): CController->run('getProvinces')
#8 C:\xampp\htdocs\pdc.com\framework\web\CWebApplication.php(141): CWebApplication->runController('account/getProv...')
#9 C:\xampp\htdocs\pdc.com\framework\base\CApplication.php(185): CWebApplication->processRequest()
#10 C:\xampp\htdocs\pdc.com\index.php(13): CApplication->run()
#11 {main}
REQUEST_URI=/index.php/account/getProvinces
HTTP_REFERER=http://localhost:8080/index.php/account/create
---
2025/05/03 04:28:48 [error] [exception.CHttpException.403] CHttpException: You are not authorized to perform this action. in C:\xampp\htdocs\pdc.com\framework\web\auth\CAccessControlFilter.php:183
Stack trace:
#0 C:\xampp\htdocs\pdc.com\framework\web\auth\CAccessControlFilter.php(145): CAccessControlFilter->accessDenied(Object(CWebUser), 'You are not aut...')
#1 C:\xampp\htdocs\pdc.com\framework\web\filters\CFilter.php(38): CAccessControlFilter->preFilter(Object(CFilterChain))
#2 C:\xampp\htdocs\pdc.com\framework\web\CController.php(1148): CFilter->filter(Object(CFilterChain))
#3 C:\xampp\htdocs\pdc.com\framework\web\filters\CInlineFilter.php(58): CController->filterAccessControl(Object(CFilterChain))
#4 C:\xampp\htdocs\pdc.com\framework\web\filters\CFilterChain.php(131): CInlineFilter->filter(Object(CFilterChain))
#5 C:\xampp\htdocs\pdc.com\framework\web\CController.php(291): CFilterChain->run()
#6 C:\xampp\htdocs\pdc.com\framework\web\CController.php(265): CController->runActionWithFilters(Object(CInlineAction), Array)
#7 C:\xampp\htdocs\pdc.com\framework\web\CWebApplication.php(282): CController->run('getProvinces')
#8 C:\xampp\htdocs\pdc.com\framework\web\CWebApplication.php(141): CWebApplication->runController('account/getProv...')
#9 C:\xampp\htdocs\pdc.com\framework\base\CApplication.php(185): CWebApplication->processRequest()
#10 C:\xampp\htdocs\pdc.com\index.php(13): CApplication->run()
#11 {main}
REQUEST_URI=/index.php/account/getProvinces
HTTP_REFERER=http://localhost:8080/index.php/account/create
---
2025/05/03 04:30:35 [error] [exception.CHttpException.403] CHttpException: You are not authorized to perform this action. in C:\xampp\htdocs\pdc.com\framework\web\auth\CAccessControlFilter.php:183
Stack trace:
#0 C:\xampp\htdocs\pdc.com\framework\web\auth\CAccessControlFilter.php(145): CAccessControlFilter->accessDenied(Object(CWebUser), 'You are not aut...')
#1 C:\xampp\htdocs\pdc.com\framework\web\filters\CFilter.php(38): CAccessControlFilter->preFilter(Object(CFilterChain))
#2 C:\xampp\htdocs\pdc.com\framework\web\CController.php(1148): CFilter->filter(Object(CFilterChain))
#3 C:\xampp\htdocs\pdc.com\framework\web\filters\CInlineFilter.php(58): CController->filterAccessControl(Object(CFilterChain))
#4 C:\xampp\htdocs\pdc.com\framework\web\filters\CFilterChain.php(131): CInlineFilter->filter(Object(CFilterChain))
#5 C:\xampp\htdocs\pdc.com\framework\web\CController.php(291): CFilterChain->run()
#6 C:\xampp\htdocs\pdc.com\framework\web\CController.php(265): CController->runActionWithFilters(Object(CInlineAction), Array)
#7 C:\xampp\htdocs\pdc.com\framework\web\CWebApplication.php(282): CController->run('getProvinces')
#8 C:\xampp\htdocs\pdc.com\framework\web\CWebApplication.php(141): CWebApplication->runController('account/getProv...')
#9 C:\xampp\htdocs\pdc.com\framework\base\CApplication.php(185): CWebApplication->processRequest()
#10 C:\xampp\htdocs\pdc.com\index.php(13): CApplication->run()
#11 {main}
REQUEST_URI=/index.php/account/getProvinces
HTTP_REFERER=http://localhost:8080/index.php/account/create
---
2025/05/03 04:33:05 [error] [exception.CHttpException.403] CHttpException: You are not authorized to perform this action. in C:\xampp\htdocs\pdc.com\framework\web\auth\CAccessControlFilter.php:183
Stack trace:
#0 C:\xampp\htdocs\pdc.com\framework\web\auth\CAccessControlFilter.php(145): CAccessControlFilter->accessDenied(Object(CWebUser), 'You are not aut...')
#1 C:\xampp\htdocs\pdc.com\framework\web\filters\CFilter.php(38): CAccessControlFilter->preFilter(Object(CFilterChain))
#2 C:\xampp\htdocs\pdc.com\framework\web\CController.php(1148): CFilter->filter(Object(CFilterChain))
#3 C:\xampp\htdocs\pdc.com\framework\web\filters\CInlineFilter.php(58): CController->filterAccessControl(Object(CFilterChain))
#4 C:\xampp\htdocs\pdc.com\framework\web\filters\CFilterChain.php(131): CInlineFilter->filter(Object(CFilterChain))
#5 C:\xampp\htdocs\pdc.com\framework\web\CController.php(291): CFilterChain->run()
#6 C:\xampp\htdocs\pdc.com\framework\web\CController.php(265): CController->runActionWithFilters(Object(CInlineAction), Array)
#7 C:\xampp\htdocs\pdc.com\framework\web\CWebApplication.php(282): CController->run('getProvinces')
#8 C:\xampp\htdocs\pdc.com\framework\web\CWebApplication.php(141): CWebApplication->runController('account/getProv...')
#9 C:\xampp\htdocs\pdc.com\framework\base\CApplication.php(185): CWebApplication->processRequest()
#10 C:\xampp\htdocs\pdc.com\index.php(13): CApplication->run()
#11 {main}
REQUEST_URI=/index.php/account/getProvinces
HTTP_REFERER=http://localhost:8080/index.php/account/create
---
2025/05/03 04:36:57 [error] [exception.CException] CException: Property "Account.firstname" is not defined. in C:\xampp\htdocs\pdc.com\framework\base\CComponent.php:130
Stack trace:
#0 C:\xampp\htdocs\pdc.com\framework\db\ar\CActiveRecord.php(145): CComponent->__get('firstname')
#1 C:\xampp\htdocs\pdc.com\framework\web\helpers\CHtml.php(2784): CActiveRecord->__get('firstname')
#2 C:\xampp\htdocs\pdc.com\framework\web\helpers\CHtml.php(2507): CHtml::resolveValue(Object(Account), 'firstname')
#3 C:\xampp\htdocs\pdc.com\framework\web\helpers\CHtml.php(1554): CHtml::activeInputField('text', Object(Account), 'firstname', Array)
#4 C:\xampp\htdocs\pdc.com\framework\web\widgets\CActiveForm.php(793): CHtml::activeTextField(Object(Account), 'firstname', Array)
#5 C:\xampp\htdocs\pdc.com\protected\views\account\_form.php(46): CActiveForm->textField(Object(Account), 'firstname')
#6 C:\xampp\htdocs\pdc.com\framework\web\CBaseController.php(126): require('C:\\xampp\\htdocs...')
#7 C:\xampp\htdocs\pdc.com\framework\web\CBaseController.php(95): CBaseController->renderInternal('C:\\xampp\\htdocs...', Array, true)
#8 C:\xampp\htdocs\pdc.com\framework\web\CController.php(872): CBaseController->renderFile('C:\\xampp\\htdocs...', Array, true)
#9 C:\xampp\htdocs\pdc.com\protected\views\account\create.php(18): CController->renderPartial('_form', Array)
#10 C:\xampp\htdocs\pdc.com\framework\web\CBaseController.php(126): require('C:\\xampp\\htdocs...')
#11 C:\xampp\htdocs\pdc.com\framework\web\CBaseController.php(95): CBaseController->renderInternal('C:\\xampp\\htdocs...', Array, true)
#12 C:\xampp\htdocs\pdc.com\framework\web\CController.php(872): CBaseController->renderFile('C:\\xampp\\htdocs...', Array, true)
#13 C:\xampp\htdocs\pdc.com\framework\web\CController.php(785): CController->renderPartial('create', Array, true)
#14 C:\xampp\htdocs\pdc.com\protected\controllers\AccountController.php(126): CController->render('create', Array)
#15 C:\xampp\htdocs\pdc.com\framework\web\actions\CInlineAction.php(49): AccountController->actionCreate()
#16 C:\xampp\htdocs\pdc.com\framework\web\CController.php(308): CInlineAction->runWithParams(Array)
#17 C:\xampp\htdocs\pdc.com\framework\web\filters\CFilterChain.php(134): CController->runAction(Object(CInlineAction))
#18 C:\xampp\htdocs\pdc.com\framework\web\filters\CFilter.php(40): CFilterChain->run()
#19 C:\xampp\htdocs\pdc.com\framework\web\CController.php(1148): CFilter->filter(Object(CFilterChain))
#20 C:\xampp\htdocs\pdc.com\framework\web\filters\CInlineFilter.php(58): CController->filterAccessControl(Object(CFilterChain))
#21 C:\xampp\htdocs\pdc.com\framework\web\filters\CFilterChain.php(131): CInlineFilter->filter(Object(CFilterChain))
#22 C:\xampp\htdocs\pdc.com\framework\web\CController.php(291): CFilterChain->run()
#23 C:\xampp\htdocs\pdc.com\framework\web\CController.php(265): CController->runActionWithFilters(Object(CInlineAction), Array)
#24 C:\xampp\htdocs\pdc.com\framework\web\CWebApplication.php(282): CController->run('create')
#25 C:\xampp\htdocs\pdc.com\framework\web\CWebApplication.php(141): CWebApplication->runController('account/create')
#26 C:\xampp\htdocs\pdc.com\framework\base\CApplication.php(185): CWebApplication->processRequest()
#27 C:\xampp\htdocs\pdc.com\index.php(13): CApplication->run()
#28 {main}
REQUEST_URI=/index.php/account/create
HTTP_REFERER=http://localhost:8080/index.php/account/index
---
2025/05/03 04:38:29 [error] [php] Undefined variable $model (C:\xampp\htdocs\pdc.com\protected\views\account\create.php:18)
Stack trace:
#0 C:\xampp\htdocs\pdc.com\framework\web\CBaseController.php(126): require()
#1 C:\xampp\htdocs\pdc.com\framework\web\CBaseController.php(95): AccountController->renderInternal()
#2 C:\xampp\htdocs\pdc.com\framework\web\CController.php(872): AccountController->renderFile()
#3 C:\xampp\htdocs\pdc.com\framework\web\CController.php(785): AccountController->renderPartial()
#4 C:\xampp\htdocs\pdc.com\protected\controllers\AccountController.php(115): AccountController->render()
#5 C:\xampp\htdocs\pdc.com\framework\web\actions\CInlineAction.php(49): AccountController->actionCreate()
#6 C:\xampp\htdocs\pdc.com\framework\web\CController.php(308): CInlineAction->runWithParams()
#7 C:\xampp\htdocs\pdc.com\framework\web\filters\CFilterChain.php(134): AccountController->runAction()
#8 C:\xampp\htdocs\pdc.com\framework\web\filters\CFilter.php(40): CFilterChain->run()
#9 C:\xampp\htdocs\pdc.com\framework\web\CController.php(1148): CAccessControlFilter->filter()
#10 C:\xampp\htdocs\pdc.com\framework\web\filters\CInlineFilter.php(58): AccountController->filterAccessControl()
#11 C:\xampp\htdocs\pdc.com\framework\web\filters\CFilterChain.php(131): CInlineFilter->filter()
#12 C:\xampp\htdocs\pdc.com\framework\web\CController.php(291): CFilterChain->run()
#13 C:\xampp\htdocs\pdc.com\framework\web\CController.php(265): AccountController->runActionWithFilters()
#14 C:\xampp\htdocs\pdc.com\framework\web\CWebApplication.php(282): AccountController->run()
#15 C:\xampp\htdocs\pdc.com\framework\web\CWebApplication.php(141): CWebApplication->runController()
#16 C:\xampp\htdocs\pdc.com\framework\base\CApplication.php(185): CWebApplication->processRequest()
#17 C:\xampp\htdocs\pdc.com\index.php(13): CWebApplication->run()
REQUEST_URI=/index.php/account/create
in C:\xampp\htdocs\pdc.com\protected\views\account\create.php (18)
in C:\xampp\htdocs\pdc.com\protected\controllers\AccountController.php (115)
in C:\xampp\htdocs\pdc.com\index.php (13)
2025/05/03 04:38:51 [error] [php] Undefined variable $model (C:\xampp\htdocs\pdc.com\protected\views\account\create.php:18)
Stack trace:
#0 C:\xampp\htdocs\pdc.com\framework\web\CBaseController.php(126): require()
#1 C:\xampp\htdocs\pdc.com\framework\web\CBaseController.php(95): AccountController->renderInternal()
#2 C:\xampp\htdocs\pdc.com\framework\web\CController.php(872): AccountController->renderFile()
#3 C:\xampp\htdocs\pdc.com\framework\web\CController.php(785): AccountController->renderPartial()
#4 C:\xampp\htdocs\pdc.com\protected\controllers\AccountController.php(115): AccountController->render()
#5 C:\xampp\htdocs\pdc.com\framework\web\actions\CInlineAction.php(49): AccountController->actionCreate()
#6 C:\xampp\htdocs\pdc.com\framework\web\CController.php(308): CInlineAction->runWithParams()
#7 C:\xampp\htdocs\pdc.com\framework\web\filters\CFilterChain.php(134): AccountController->runAction()
#8 C:\xampp\htdocs\pdc.com\framework\web\filters\CFilter.php(40): CFilterChain->run()
#9 C:\xampp\htdocs\pdc.com\framework\web\CController.php(1148): CAccessControlFilter->filter()
#10 C:\xampp\htdocs\pdc.com\framework\web\filters\CInlineFilter.php(58): AccountController->filterAccessControl()
#11 C:\xampp\htdocs\pdc.com\framework\web\filters\CFilterChain.php(131): CInlineFilter->filter()
#12 C:\xampp\htdocs\pdc.com\framework\web\CController.php(291): CFilterChain->run()
#13 C:\xampp\htdocs\pdc.com\framework\web\CController.php(265): AccountController->runActionWithFilters()
#14 C:\xampp\htdocs\pdc.com\framework\web\CWebApplication.php(282): AccountController->run()
#15 C:\xampp\htdocs\pdc.com\framework\web\CWebApplication.php(141): CWebApplication->runController()
#16 C:\xampp\htdocs\pdc.com\framework\base\CApplication.php(185): CWebApplication->processRequest()
#17 C:\xampp\htdocs\pdc.com\index.php(13): CWebApplication->run()
REQUEST_URI=/index.php/account/create
in C:\xampp\htdocs\pdc.com\protected\views\account\create.php (18)
in C:\xampp\htdocs\pdc.com\protected\controllers\AccountController.php (115)
in C:\xampp\htdocs\pdc.com\index.php (13)
2025/05/03 04:38:55 [error] [php] Undefined variable $model (C:\xampp\htdocs\pdc.com\protected\views\account\create.php:18)
Stack trace:
#0 C:\xampp\htdocs\pdc.com\framework\web\CBaseController.php(126): require()
#1 C:\xampp\htdocs\pdc.com\framework\web\CBaseController.php(95): AccountController->renderInternal()
#2 C:\xampp\htdocs\pdc.com\framework\web\CController.php(872): AccountController->renderFile()
#3 C:\xampp\htdocs\pdc.com\framework\web\CController.php(785): AccountController->renderPartial()
#4 C:\xampp\htdocs\pdc.com\protected\controllers\AccountController.php(115): AccountController->render()
#5 C:\xampp\htdocs\pdc.com\framework\web\actions\CInlineAction.php(49): AccountController->actionCreate()
#6 C:\xampp\htdocs\pdc.com\framework\web\CController.php(308): CInlineAction->runWithParams()
#7 C:\xampp\htdocs\pdc.com\framework\web\filters\CFilterChain.php(134): AccountController->runAction()
#8 C:\xampp\htdocs\pdc.com\framework\web\filters\CFilter.php(40): CFilterChain->run()
#9 C:\xampp\htdocs\pdc.com\framework\web\CController.php(1148): CAccessControlFilter->filter()
#10 C:\xampp\htdocs\pdc.com\framework\web\filters\CInlineFilter.php(58): AccountController->filterAccessControl()
#11 C:\xampp\htdocs\pdc.com\framework\web\filters\CFilterChain.php(131): CInlineFilter->filter()
#12 C:\xampp\htdocs\pdc.com\framework\web\CController.php(291): CFilterChain->run()
#13 C:\xampp\htdocs\pdc.com\framework\web\CController.php(265): AccountController->runActionWithFilters()
#14 C:\xampp\htdocs\pdc.com\framework\web\CWebApplication.php(282): AccountController->run()
#15 C:\xampp\htdocs\pdc.com\framework\web\CWebApplication.php(141): CWebApplication->runController()
#16 C:\xampp\htdocs\pdc.com\framework\base\CApplication.php(185): CWebApplication->processRequest()
#17 C:\xampp\htdocs\pdc.com\index.php(13): CWebApplication->run()
REQUEST_URI=/index.php/account/create
in C:\xampp\htdocs\pdc.com\protected\views\account\create.php (18)
in C:\xampp\htdocs\pdc.com\protected\controllers\AccountController.php (115)
in C:\xampp\htdocs\pdc.com\index.php (13)
2025/05/03 04:40:03 [error] [php] Undefined variable $model (C:\xampp\htdocs\pdc.com\protected\views\account\create.php:18)
Stack trace:
#0 C:\xampp\htdocs\pdc.com\framework\web\CBaseController.php(126): require()
#1 C:\xampp\htdocs\pdc.com\framework\web\CBaseController.php(95): AccountController->renderInternal()
#2 C:\xampp\htdocs\pdc.com\framework\web\CController.php(872): AccountController->renderFile()
#3 C:\xampp\htdocs\pdc.com\framework\web\CController.php(785): AccountController->renderPartial()
#4 C:\xampp\htdocs\pdc.com\protected\controllers\AccountController.php(115): AccountController->render()
#5 C:\xampp\htdocs\pdc.com\framework\web\actions\CInlineAction.php(49): AccountController->actionCreate()
#6 C:\xampp\htdocs\pdc.com\framework\web\CController.php(308): CInlineAction->runWithParams()
#7 C:\xampp\htdocs\pdc.com\framework\web\filters\CFilterChain.php(134): AccountController->runAction()
#8 C:\xampp\htdocs\pdc.com\framework\web\filters\CFilter.php(40): CFilterChain->run()
#9 C:\xampp\htdocs\pdc.com\framework\web\CController.php(1148): CAccessControlFilter->filter()
#10 C:\xampp\htdocs\pdc.com\framework\web\filters\CInlineFilter.php(58): AccountController->filterAccessControl()
#11 C:\xampp\htdocs\pdc.com\framework\web\filters\CFilterChain.php(131): CInlineFilter->filter()
#12 C:\xampp\htdocs\pdc.com\framework\web\CController.php(291): CFilterChain->run()
#13 C:\xampp\htdocs\pdc.com\framework\web\CController.php(265): AccountController->runActionWithFilters()
#14 C:\xampp\htdocs\pdc.com\framework\web\CWebApplication.php(282): AccountController->run()
#15 C:\xampp\htdocs\pdc.com\framework\web\CWebApplication.php(141): CWebApplication->runController()
#16 C:\xampp\htdocs\pdc.com\framework\base\CApplication.php(185): CWebApplication->processRequest()
#17 C:\xampp\htdocs\pdc.com\index.php(13): CWebApplication->run()
REQUEST_URI=/index.php/account/create
in C:\xampp\htdocs\pdc.com\protected\views\account\create.php (18)
in C:\xampp\htdocs\pdc.com\protected\controllers\AccountController.php (115)
in C:\xampp\htdocs\pdc.com\index.php (13)
2025/05/03 04:43:23 [error] [exception.CHttpException.403] CHttpException: You are not authorized to perform this action. in C:\xampp\htdocs\pdc.com\framework\web\auth\CAccessControlFilter.php:183
Stack trace:
#0 C:\xampp\htdocs\pdc.com\framework\web\auth\CAccessControlFilter.php(145): CAccessControlFilter->accessDenied(Object(CWebUser), 'You are not aut...')
#1 C:\xampp\htdocs\pdc.com\framework\web\filters\CFilter.php(38): CAccessControlFilter->preFilter(Object(CFilterChain))
#2 C:\xampp\htdocs\pdc.com\framework\web\CController.php(1148): CFilter->filter(Object(CFilterChain))
#3 C:\xampp\htdocs\pdc.com\framework\web\filters\CInlineFilter.php(58): CController->filterAccessControl(Object(CFilterChain))
#4 C:\xampp\htdocs\pdc.com\framework\web\filters\CFilterChain.php(131): CInlineFilter->filter(Object(CFilterChain))
#5 C:\xampp\htdocs\pdc.com\framework\web\CController.php(291): CFilterChain->run()
#6 C:\xampp\htdocs\pdc.com\framework\web\CController.php(265): CController->runActionWithFilters(Object(CInlineAction), Array)
#7 C:\xampp\htdocs\pdc.com\framework\web\CWebApplication.php(282): CController->run('getProvinces')
#8 C:\xampp\htdocs\pdc.com\framework\web\CWebApplication.php(141): CWebApplication->runController('account/getProv...')
#9 C:\xampp\htdocs\pdc.com\framework\base\CApplication.php(185): CWebApplication->processRequest()
#10 C:\xampp\htdocs\pdc.com\index.php(13): CApplication->run()
#11 {main}
REQUEST_URI=/index.php/account/getProvinces
HTTP_REFERER=http://localhost:8080/index.php/account/create
---
2025/05/03 04:43:26 [error] [exception.CHttpException.403] CHttpException: You are not authorized to perform this action. in C:\xampp\htdocs\pdc.com\framework\web\auth\CAccessControlFilter.php:183
Stack trace:
#0 C:\xampp\htdocs\pdc.com\framework\web\auth\CAccessControlFilter.php(145): CAccessControlFilter->accessDenied(Object(CWebUser), 'You are not aut...')
#1 C:\xampp\htdocs\pdc.com\framework\web\filters\CFilter.php(38): CAccessControlFilter->preFilter(Object(CFilterChain))
#2 C:\xampp\htdocs\pdc.com\framework\web\CController.php(1148): CFilter->filter(Object(CFilterChain))
#3 C:\xampp\htdocs\pdc.com\framework\web\filters\CInlineFilter.php(58): CController->filterAccessControl(Object(CFilterChain))
#4 C:\xampp\htdocs\pdc.com\framework\web\filters\CFilterChain.php(131): CInlineFilter->filter(Object(CFilterChain))
#5 C:\xampp\htdocs\pdc.com\framework\web\CController.php(291): CFilterChain->run()
#6 C:\xampp\htdocs\pdc.com\framework\web\CController.php(265): CController->runActionWithFilters(Object(CInlineAction), Array)
#7 C:\xampp\htdocs\pdc.com\framework\web\CWebApplication.php(282): CController->run('getProvinces')
#8 C:\xampp\htdocs\pdc.com\framework\web\CWebApplication.php(141): CWebApplication->runController('account/getProv...')
#9 C:\xampp\htdocs\pdc.com\framework\base\CApplication.php(185): CWebApplication->processRequest()
#10 C:\xampp\htdocs\pdc.com\index.php(13): CApplication->run()
#11 {main}
REQUEST_URI=/index.php/account/getProvinces
HTTP_REFERER=http://localhost:8080/index.php/account/create
---
2025/05/03 04:46:27 [error] [php] Undefined variable $model (C:\xampp\htdocs\pdc.com\protected\views\account\create.php:18)
Stack trace:
#0 C:\xampp\htdocs\pdc.com\framework\web\CBaseController.php(126): require()
#1 C:\xampp\htdocs\pdc.com\framework\web\CBaseController.php(95): AccountController->renderInternal()
#2 C:\xampp\htdocs\pdc.com\framework\web\CController.php(872): AccountController->renderFile()
#3 C:\xampp\htdocs\pdc.com\framework\web\CController.php(785): AccountController->renderPartial()
#4 C:\xampp\htdocs\pdc.com\protected\controllers\AccountController.php(115): AccountController->render()
#5 C:\xampp\htdocs\pdc.com\framework\web\actions\CInlineAction.php(49): AccountController->actionCreate()
#6 C:\xampp\htdocs\pdc.com\framework\web\CController.php(308): CInlineAction->runWithParams()
#7 C:\xampp\htdocs\pdc.com\framework\web\filters\CFilterChain.php(134): AccountController->runAction()
#8 C:\xampp\htdocs\pdc.com\framework\web\filters\CFilter.php(40): CFilterChain->run()
#9 C:\xampp\htdocs\pdc.com\framework\web\CController.php(1148): CAccessControlFilter->filter()
#10 C:\xampp\htdocs\pdc.com\framework\web\filters\CInlineFilter.php(58): AccountController->filterAccessControl()
#11 C:\xampp\htdocs\pdc.com\framework\web\filters\CFilterChain.php(131): CInlineFilter->filter()
#12 C:\xampp\htdocs\pdc.com\framework\web\CController.php(291): CFilterChain->run()
#13 C:\xampp\htdocs\pdc.com\framework\web\CController.php(265): AccountController->runActionWithFilters()
#14 C:\xampp\htdocs\pdc.com\framework\web\CWebApplication.php(282): AccountController->run()
#15 C:\xampp\htdocs\pdc.com\framework\web\CWebApplication.php(141): CWebApplication->runController()
#16 C:\xampp\htdocs\pdc.com\framework\base\CApplication.php(185): CWebApplication->processRequest()
#17 C:\xampp\htdocs\pdc.com\index.php(13): CWebApplication->run()
REQUEST_URI=/index.php/account/create
in C:\xampp\htdocs\pdc.com\protected\views\account\create.php (18)
in C:\xampp\htdocs\pdc.com\protected\controllers\AccountController.php (115)
in C:\xampp\htdocs\pdc.com\index.php (13)
2025/05/03 04:48:20 [error] [exception.CHttpException.403] CHttpException: You are not authorized to perform this action. in C:\xampp\htdocs\pdc.com\framework\web\auth\CAccessControlFilter.php:183
Stack trace:
#0 C:\xampp\htdocs\pdc.com\framework\web\auth\CAccessControlFilter.php(145): CAccessControlFilter->accessDenied(Object(CWebUser), 'You are not aut...')
#1 C:\xampp\htdocs\pdc.com\framework\web\filters\CFilter.php(38): CAccessControlFilter->preFilter(Object(CFilterChain))
#2 C:\xampp\htdocs\pdc.com\framework\web\CController.php(1148): CFilter->filter(Object(CFilterChain))
#3 C:\xampp\htdocs\pdc.com\framework\web\filters\CInlineFilter.php(58): CController->filterAccessControl(Object(CFilterChain))
#4 C:\xampp\htdocs\pdc.com\framework\web\filters\CFilterChain.php(131): CInlineFilter->filter(Object(CFilterChain))
#5 C:\xampp\htdocs\pdc.com\framework\web\CController.php(291): CFilterChain->run()
#6 C:\xampp\htdocs\pdc.com\framework\web\CController.php(265): CController->runActionWithFilters(Object(CInlineAction), Array)
#7 C:\xampp\htdocs\pdc.com\framework\web\CWebApplication.php(282): CController->run('getProvinces')
#8 C:\xampp\htdocs\pdc.com\framework\web\CWebApplication.php(141): CWebApplication->runController('account/getProv...')
#9 C:\xampp\htdocs\pdc.com\framework\base\CApplication.php(185): CWebApplication->processRequest()
#10 C:\xampp\htdocs\pdc.com\index.php(13): CApplication->run()
#11 {main}
REQUEST_URI=/index.php/account/getProvinces
HTTP_REFERER=http://localhost:8080/index.php/account/create
---
